0 info it worked if it ends with ok
1 verbose cli [ 'node', '/usr/local/bin/npm', 'install', 'mongodb' ]
2 info using npm@1.4.28
3 info using node@v0.10.34
4 verbose config Skipping project config: /Users/Lasse/.npmrc. (matches userconfig)
5 verbose cache add [ 'mongodb', null ]
6 verbose cache add name=undefined spec="mongodb" args=["mongodb",null]
7 verbose parsed url { protocol: null,
7 verbose parsed url   slashes: null,
7 verbose parsed url   auth: null,
7 verbose parsed url   host: null,
7 verbose parsed url   port: null,
7 verbose parsed url   hostname: null,
7 verbose parsed url   hash: null,
7 verbose parsed url   search: null,
7 verbose parsed url   query: null,
7 verbose parsed url   pathname: 'mongodb',
7 verbose parsed url   path: 'mongodb',
7 verbose parsed url   href: 'mongodb' }
8 silly lockFile 7f1c982e-mongodb mongodb
9 verbose lock mongodb /Users/Lasse/.npm/7f1c982e-mongodb.lock
10 silly lockFile 7f1c982e-mongodb mongodb
11 silly lockFile 7f1c982e-mongodb mongodb
12 verbose addNamed [ 'mongodb', '' ]
13 verbose addNamed [ null, '*' ]
14 silly lockFile 886df635-mongodb mongodb@
15 verbose lock mongodb@ /Users/Lasse/.npm/886df635-mongodb.lock
16 silly addNameRange { name: 'mongodb', range: '*', hasData: false }
17 verbose request where is /mongodb
18 verbose request registry https://registry.npmjs.org/
19 verbose request id 8d35864833fd90cb
20 verbose url raw /mongodb
21 verbose url resolving [ 'https://registry.npmjs.org/', './mongodb' ]
22 verbose url resolved https://registry.npmjs.org/mongodb
23 verbose request where is https://registry.npmjs.org/mongodb
24 info trying registry request attempt 1 at 11:16:13
25 verbose etag "6MZDHUMSYET03FISGK06F616M"
26 http GET https://registry.npmjs.org/mongodb
27 http 304 https://registry.npmjs.org/mongodb
28 silly registry.get cb [ 304,
28 silly registry.get   { date: 'Tue, 10 Feb 2015 09:16:13 GMT',
28 silly registry.get     server: 'Apache',
28 silly registry.get     via: '1.1 varnish',
28 silly registry.get     'last-modified': 'Tue, 10 Feb 2015 09:16:13 GMT',
28 silly registry.get     'cache-control': 'max-age=60',
28 silly registry.get     etag: '"6MZDHUMSYET03FISGK06F616M"',
28 silly registry.get     age: '36',
28 silly registry.get     'x-served-by': 'cache-fra1226-FRA',
28 silly registry.get     'x-cache': 'HIT',
28 silly registry.get     'x-cache-hits': '1',
28 silly registry.get     'x-timer': 'S1423559773.886643,VS0,VE2',
28 silly registry.get     vary: 'Accept',
28 silly registry.get     'content-length': '0',
28 silly registry.get     'keep-alive': 'timeout=10, max=50',
28 silly registry.get     connection: 'Keep-Alive' } ]
29 verbose etag https://registry.npmjs.org/mongodb from cache
30 silly addNameRange number 2 { name: 'mongodb', range: '*', hasData: true }
31 silly addNameRange versions [ 'mongodb',
31 silly addNameRange   [ '0.9.4',
31 silly addNameRange     '0.9.4-4',
31 silly addNameRange     '0.9.3',
31 silly addNameRange     '0.9.1',
31 silly addNameRange     '0.9.2',
31 silly addNameRange     '0.9.6-7',
31 silly addNameRange     '0.9.6-8',
31 silly addNameRange     '0.9.6-9',
31 silly addNameRange     '0.9.6-10',
31 silly addNameRange     '0.9.6-11',
31 silly addNameRange     '0.9.6-12',
31 silly addNameRange     '0.9.6-13',
31 silly addNameRange     '0.9.6-14',
31 silly addNameRange     '0.9.6-15',
31 silly addNameRange     '0.9.6-16',
31 silly addNameRange     '0.9.6-17',
31 silly addNameRange     '0.9.6-18',
31 silly addNameRange     '0.9.6-19',
31 silly addNameRange     '0.9.6-20',
31 silly addNameRange     '0.9.6-21',
31 silly addNameRange     '0.9.6-22',
31 silly addNameRange     '0.9.6-23',
31 silly addNameRange     '0.9.7',
31 silly addNameRange     '0.9.7-0',
31 silly addNameRange     '0.9.7-1',
31 silly addNameRange     '0.9.7-1.1',
31 silly addNameRange     '0.9.7-1.2',
31 silly addNameRange     '0.9.7-1.3',
31 silly addNameRange     '0.9.7-1.4',
31 silly addNameRange     '0.9.7-2',
31 silly addNameRange     '0.9.7-2-1',
31 silly addNameRange     '0.9.7-2-2',
31 silly addNameRange     '0.9.7-2-3',
31 silly addNameRange     '0.9.7-2-4',
31 silly addNameRange     '0.9.7-2-5',
31 silly addNameRange     '0.9.7-3',
31 silly addNameRange     '0.9.7-3-1',
31 silly addNameRange     '0.9.7-3-2',
31 silly addNameRange     '0.9.7-3-3',
31 silly addNameRange     '0.9.7-3-4',
31 silly addNameRange     '0.9.7-3-5',
31 silly addNameRange     '0.9.8',
31 silly addNameRange     '0.9.8-1',
31 silly addNameRange     '0.9.8-2',
31 silly addNameRange     '0.9.8-3',
31 silly addNameRange     '0.9.8-4',
31 silly addNameRange     '0.9.8-5',
31 silly addNameRange     '0.9.8-6',
31 silly addNameRange     '0.9.8-7',
31 silly addNameRange     '0.9.9',
31 silly addNameRange     '0.9.9-1',
31 silly addNameRange     '0.9.9-2',
31 silly addNameRange     '0.9.9-3',
31 silly addNameRange     '0.9.9-4',
31 silly addNameRange     '0.9.9-5',
31 silly addNameRange     '0.9.9-6',
31 silly addNameRange     '0.9.9-7',
31 silly addNameRange     '0.9.9-8',
31 silly addNameRange     '1.0.0',
31 silly addNameRange     '1.0.1',
31 silly addNameRange     '1.0.2',
31 silly addNameRange     '1.1.0-beta',
31 silly addNameRange     '1.1.0',
31 silly addNameRange     '1.1.1',
31 silly addNameRange     '1.1.2',
31 silly addNameRange     '1.1.3',
31 silly addNameRange     '1.1.4',
31 silly addNameRange     '1.1.5',
31 silly addNameRange     '1.1.6',
31 silly addNameRange     '1.1.7',
31 silly addNameRange     '1.1.8',
31 silly addNameRange     '1.1.9',
31 silly addNameRange     '1.1.10',
31 silly addNameRange     '1.1.11',
31 silly addNameRange     '1.2.0',
31 silly addNameRange     '1.2.1',
31 silly addNameRange     '1.2.2',
31 silly addNameRange     '1.2.3',
31 silly addNameRange     '1.2.4',
31 silly addNameRange     '1.2.5',
31 silly addNameRange     '1.2.6',
31 silly addNameRange     '1.2.7',
31 silly addNameRange     '1.2.8',
31 silly addNameRange     '1.2.9',
31 silly addNameRange     '1.2.10',
31 silly addNameRange     '1.2.11',
31 silly addNameRange     '1.2.12',
31 silly addNameRange     '1.2.13',
31 silly addNameRange     '1.2.14',
31 silly addNameRange     '1.3.0',
31 silly addNameRange     '1.3.1',
31 silly addNameRange     '1.3.2',
31 silly addNameRange     '1.3.3',
31 silly addNameRange     '1.3.4',
31 silly addNameRange     '1.3.5',
31 silly addNameRange     '1.3.6',
31 silly addNameRange     '1.3.7',
31 silly addNameRange     '1.3.8',
31 silly addNameRange     '1.3.9',
31 silly addNameRange     '1.3.10',
31 silly addNameRange     '1.3.11',
31 silly addNameRange     '1.3.12',
31 silly addNameRange     '1.3.14',
31 silly addNameRange     '1.3.15',
31 silly addNameRange     '1.3.17',
31 silly addNameRange     '1.3.18',
31 silly addNameRange     '1.3.19',
31 silly addNameRange     '1.4.0-rc2',
31 silly addNameRange     '1.3.20',
31 silly addNameRange     '1.4.0-rc3',
31 silly addNameRange     '1.3.21',
31 silly addNameRange     '1.3.22',
31 silly addNameRange     '1.3.23',
31 silly addNameRange     '1.4.0-rc4',
31 silly addNameRange     '1.4.0-rc5',
31 silly addNameRange     '1.4.0-rc6',
31 silly addNameRange     '1.4.0-rc7',
31 silly addNameRange     '1.4.0-rc8',
31 silly addNameRange     '1.4.0-rc9',
31 silly addNameRange     '1.4.0-rc10',
31 silly addNameRange     '1.4.0',
31 silly addNameRange     '1.4.1',
31 silly addNameRange     '1.4.2',
31 silly addNameRange     '1.4.3',
31 silly addNameRange     '1.4.4',
31 silly addNameRange     '1.4.5',
31 silly addNameRange     '1.4.6',
31 silly addNameRange     '1.4.7',
31 silly addNameRange     '1.4.8',
31 silly addNameRange     '1.4.9',
31 silly addNameRange     '1.4.10',
31 silly addNameRange     '2.0.0-alpha1',
31 silly addNameRange     '1.4.11',
31 silly addNameRange     '1.4.12',
31 silly addNameRange     '1.4.14',
31 silly addNameRange     '1.4.15',
31 silly addNameRange     '1.4.16',
31 silly addNameRange     '1.4.17',
31 silly addNameRange     '2.0.0-alpha2',
31 silly addNameRange     '1.4.18',
31 silly addNameRange     '2.0.0',
31 silly addNameRange     '2.0.1',
31 silly addNameRange     '2.0.2',
31 silly addNameRange     '1.4.19',
31 silly addNameRange     '2.0.3',
31 silly addNameRange     '2.0.4',
31 silly addNameRange     '2.0.5',
31 silly addNameRange     '2.0.6',
31 silly addNameRange     '1.4.20',
31 silly addNameRange     '1.4.22',
31 silly addNameRange     '2.0.7',
31 silly addNameRange     '2.0.8',
31 silly addNameRange     '2.0.9',
31 silly addNameRange     '1.4.23',
31 silly addNameRange     '2.0.10',
31 silly addNameRange     '1.4.24',
31 silly addNameRange     '2.0.11',
31 silly addNameRange     '1.4.25',
31 silly addNameRange     '2.0.12',
31 silly addNameRange     '1.4.26',
31 silly addNameRange     '1.4.27',
31 silly addNameRange     '1.4.28',
31 silly addNameRange     '2.0.13',
31 silly addNameRange     '2.0.14',
31 silly addNameRange     '1.4.29',
31 silly addNameRange     '2.0.15',
31 silly addNameRange     '1.4.30' ] ]
32 verbose addNamed [ 'mongodb', '1.4.30' ]
33 verbose addNamed [ '1.4.30', '1.4.30' ]
34 silly lockFile b8b3c70e-mongodb-1-4-30 mongodb@1.4.30
35 verbose lock mongodb@1.4.30 /Users/Lasse/.npm/b8b3c70e-mongodb-1-4-30.lock
36 silly lockFile 0880802f-s-org-mongodb-mongodb-1-4-30-tgz https://registry.npmjs.org/mongodb/-/mongodb-1.4.30.tgz
37 verbose lock https://registry.npmjs.org/mongodb/-/mongodb-1.4.30.tgz /Users/Lasse/.npm/0880802f-s-org-mongodb-mongodb-1-4-30-tgz.lock
38 verbose addRemoteTarball [ 'https://registry.npmjs.org/mongodb/-/mongodb-1.4.30.tgz',
38 verbose addRemoteTarball   'bfa8d913b1077031ff50798705693d8c83b75c21' ]
39 info retry fetch attempt 1 at 11:16:13
40 verbose fetch to= /var/folders/01/n7q2nw0n2gn95cz0_g30md8r0000gn/T/npm-12051-MWdDe6n_/registry.npmjs.org/mongodb/-/mongodb-1.4.30.tgz
41 http GET https://registry.npmjs.org/mongodb/-/mongodb-1.4.30.tgz
42 http 200 https://registry.npmjs.org/mongodb/-/mongodb-1.4.30.tgz
43 silly lockFile 0880802f-s-org-mongodb-mongodb-1-4-30-tgz https://registry.npmjs.org/mongodb/-/mongodb-1.4.30.tgz
44 silly lockFile 0880802f-s-org-mongodb-mongodb-1-4-30-tgz https://registry.npmjs.org/mongodb/-/mongodb-1.4.30.tgz
45 silly lockFile b8b3c70e-mongodb-1-4-30 mongodb@1.4.30
46 silly lockFile b8b3c70e-mongodb-1-4-30 mongodb@1.4.30
47 silly lockFile 886df635-mongodb mongodb@
48 silly lockFile 886df635-mongodb mongodb@
49 error Error: EACCES, mkdir '/Users/Lasse/.npm/mongodb/1.4.30'
49 error  { [Error: EACCES, mkdir '/Users/Lasse/.npm/mongodb/1.4.30']
49 error   errno: 3,
49 error   code: 'EACCES',
49 error   path: '/Users/Lasse/.npm/mongodb/1.4.30' }
50 error Please try running this command again as root/Administrator.
51 error System Darwin 14.1.0
52 error command "node" "/usr/local/bin/npm" "install" "mongodb"
53 error cwd /Users/Lasse/Code/Solitatraining/ilmoittautuminen/mashup-Lasse
54 error node -v v0.10.34
55 error npm -v 1.4.28
56 error path /Users/Lasse/.npm/mongodb/1.4.30
57 error code EACCES
58 error errno 3
59 error stack Error: EACCES, mkdir '/Users/Lasse/.npm/mongodb/1.4.30'
60 verbose exit [ 3, true ]
